<?xml version="1.0" encoding="UTF-8"?>
<testng-results skipped="0" failed="0" ignored="0" total="1" passed="1">
  <reporter-output>
  </reporter-output>
  <suite name="Suite" duration-ms="31086" started-at="2020-04-11T08:20:34Z" finished-at="2020-04-11T08:21:05Z">
    <groups>
    </groups>
    <test name="Test" duration-ms="31086" started-at="2020-04-11T08:20:34Z" finished-at="2020-04-11T08:21:05Z">
      <class name="org.openqa.selenium.First_Jenkins_Demo">
        <test-method status="PASS" signature="browserSetup()[pri:0, instance:org.openqa.selenium.First_Jenkins_Demo@6ae04d]" name="browserSetup" is-config="true" duration-ms="26160" started-at="2020-04-11T08:20:34Z" finished-at="2020-04-11T08:21:00Z">
          <reporter-output>
          </reporter-output>
        </test-method> <!-- browserSetup -->
        <test-method status="PASS" signature="test1()[pri:0, instance:org.openqa.selenium.First_Jenkins_Demo@6ae04d]" name="test1" duration-ms="3027" started-at="2020-04-11T08:21:00Z" finished-at="2020-04-11T08:21:03Z">
          <reporter-output>
          </reporter-output>
        </test-method> <!-- test1 -->
        <test-method status="PASS" signature="closebrowser()[pri:0, instance:org.openqa.selenium.First_Jenkins_Demo@6ae04d]" name="closebrowser" is-config="true" duration-ms="1841" started-at="2020-04-11T08:21:03Z" finished-at="2020-04-11T08:21:05Z">
          <reporter-output>
          </reporter-output>
        </test-method> <!-- closebrowser -->
      </class> <!-- org.openqa.selenium.First_Jenkins_Demo -->
    </test> <!-- Test -->
  </suite> <!-- Suite -->
</testng-results>
