<?xml version="1.0" encoding="UTF-8"?>
<testng-results skipped="0" failed="0" ignored="0" total="1" passed="1">
  <reporter-output>
  </reporter-output>
  <suite name="Suite" duration-ms="39680" started-at="2020-04-11T13:09:21Z" finished-at="2020-04-11T13:10:00Z">
    <groups>
    </groups>
    <test name="Test" duration-ms="39680" started-at="2020-04-11T13:09:21Z" finished-at="2020-04-11T13:10:00Z">
      <class name="org.openqa.selenium.First_Jenkins_Demo">
        <test-method status="PASS" signature="browserSetup()[pri:0, instance:org.openqa.selenium.First_Jenkins_Demo@6ae04d]" name="browserSetup" is-config="true" duration-ms="24407" started-at="2020-04-11T13:09:21Z" finished-at="2020-04-11T13:09:45Z">
          <reporter-output>
          </reporter-output>
        </test-method> <!-- browserSetup -->
        <test-method status="PASS" signature="test1()[pri:0, instance:org.openqa.selenium.First_Jenkins_Demo@6ae04d]" name="test1" duration-ms="13616" started-at="2020-04-11T13:09:45Z" finished-at="2020-04-11T13:09:59Z">
          <reporter-output>
          </reporter-output>
        </test-method> <!-- test1 -->
        <test-method status="PASS" signature="closebrowser()[pri:0, instance:org.openqa.selenium.First_Jenkins_Demo@6ae04d]" name="closebrowser" is-config="true" duration-ms="1618" started-at="2020-04-11T13:09:59Z" finished-at="2020-04-11T13:10:00Z">
          <reporter-output>
          </reporter-output>
        </test-method> <!-- closebrowser -->
      </class> <!-- org.openqa.selenium.First_Jenkins_Demo -->
    </test> <!-- Test -->
  </suite> <!-- Suite -->
</testng-results>
