<?xml version="1.0" encoding="UTF-8"?>
<testng-results skipped="0" failed="0" total="1" passed="1">
  <reporter-output>
  </reporter-output>
  <suite name="Suite" duration-ms="44425" started-at="2020-04-11T13:05:55Z" finished-at="2020-04-11T13:06:39Z">
    <groups>
    </groups>
    <test name="Test" duration-ms="44425" started-at="2020-04-11T13:05:55Z" finished-at="2020-04-11T13:06:39Z">
      <class name="org.openqa.selenium.First_Jenkins_Demo">
        <test-method status="PASS" signature="browserSetup()[pri:0, instance:org.openqa.selenium.First_Jenkins_Demo@bd1b6a]" name="browserSetup" is-config="true" duration-ms="28650" started-at="2020-04-11T18:35:55Z" finished-at="2020-04-11T18:36:23Z">
          <reporter-output>
          </reporter-output>
        </test-method> <!-- browserSetup -->
        <test-method status="PASS" signature="test1()[pri:0, instance:org.openqa.selenium.First_Jenkins_Demo@bd1b6a]" name="test1" duration-ms="14211" started-at="2020-04-11T18:36:23Z" finished-at="2020-04-11T18:36:38Z">
          <reporter-output>
          </reporter-output>
        </test-method> <!-- test1 -->
        <test-method status="PASS" signature="closebrowser()[pri:0, instance:org.openqa.selenium.First_Jenkins_Demo@bd1b6a]" name="closebrowser" is-config="true" duration-ms="1499" started-at="2020-04-11T18:36:38Z" finished-at="2020-04-11T18:36:39Z">
          <reporter-output>
          </reporter-output>
        </test-method> <!-- closebrowser -->
      </class> <!-- org.openqa.selenium.First_Jenkins_Demo -->
    </test> <!-- Test -->
  </suite> <!-- Suite -->
</testng-results>
