<?xml version="1.0" encoding="UTF-8"?>
<testng-results skipped="0" failed="0" total="2" passed="2">
  <reporter-output>
  </reporter-output>
  <suite name="Suite" duration-ms="52705" started-at="2020-04-11T04:27:30Z" finished-at="2020-04-11T04:28:22Z">
    <groups>
    </groups>
    <test name="Test" duration-ms="52705" started-at="2020-04-11T04:27:30Z" finished-at="2020-04-11T04:28:22Z">
      <class name="org.openqa.selenium.First_Jenkins_Demo">
        <test-method status="PASS" signature="browserSetup()[pri:0, instance:org.openqa.selenium.First_Jenkins_Demo@1ceabc1]" name="browserSetup" is-config="true" duration-ms="18573" started-at="2020-04-11T09:57:30Z" finished-at="2020-04-11T09:57:48Z">
          <reporter-output>
          </reporter-output>
        </test-method> <!-- browserSetup -->
        <test-method status="PASS" signature="beforeTest()[pri:0, instance:Jenkins_Integration.Jen_Demo@1fcfece]" name="beforeTest" is-config="true" duration-ms="27388" started-at="2020-04-11T09:57:48Z" finished-at="2020-04-11T09:58:16Z">
          <reporter-output>
          </reporter-output>
        </test-method> <!-- beforeTest -->
        <test-method status="PASS" signature="test1()[pri:0, instance:org.openqa.selenium.First_Jenkins_Demo@1ceabc1]" name="test1" duration-ms="3212" started-at="2020-04-11T09:58:16Z" finished-at="2020-04-11T09:58:19Z">
          <reporter-output>
          </reporter-output>
        </test-method> <!-- test1 -->
        <test-method status="PASS" signature="closebrowser()[pri:0, instance:org.openqa.selenium.First_Jenkins_Demo@1ceabc1]" name="closebrowser" is-config="true" duration-ms="1682" started-at="2020-04-11T09:58:19Z" finished-at="2020-04-11T09:58:20Z">
          <reporter-output>
          </reporter-output>
        </test-method> <!-- closebrowser -->
      </class> <!-- org.openqa.selenium.First_Jenkins_Demo -->
      <class name="Jenkins_Integration.Jen_Demo">
        <test-method status="PASS" signature="f()[pri:0, instance:Jenkins_Integration.Jen_Demo@1fcfece]" name="f" duration-ms="19" started-at="2020-04-11T09:58:16Z" finished-at="2020-04-11T09:58:16Z">
          <reporter-output>
          </reporter-output>
        </test-method> <!-- f -->
        <test-method status="PASS" signature="afterTest()[pri:0, instance:Jenkins_Integration.Jen_Demo@1fcfece]" name="afterTest" is-config="true" duration-ms="1794" started-at="2020-04-11T09:58:20Z" finished-at="2020-04-11T09:58:22Z">
          <reporter-output>
          </reporter-output>
        </test-method> <!-- afterTest -->
      </class> <!-- Jenkins_Integration.Jen_Demo -->
    </test> <!-- Test -->
  </suite> <!-- Suite -->
</testng-results>
